Apr 07 03:14 : exception: Failed to open /home/jurig/.mpd/mpdstate: No such file or directory
Apr 07 03:14 : exception: OutputThread could not get realtime scheduling, continuing anyway: sched_setscheduler failed: Operation not permitted
Apr 07 03:14 : update: added /IWAN FALS - 22 Januari.mp3
Apr 07 03:14 : update: added /From This Moment On - Shania Twain - Lyrics (Terjemahan Indonesia).mp4
Apr 07 03:14 : update: added /IWAN FALS-Kereta Tiba Pukul Berapa.mp3
Apr 07 03:14 : update: added /Someone Like You - Adele - Lyrics (Terjemahan Indonesia).mp4
Apr 07 03:14 : update: added /videoplayback.mp4
Apr 07 03:14 : update: added /Avril Lavigne - Innocence - Lyrics (Terjemahan Indonesia).mp4
Apr 07 03:14 : update: added /IWAN FALS-Guru Oemar Bakri.mp3
Apr 07 03:14 : update: added /IWAN FALS-Cemburu.MP3
Apr 07 03:14 : update: added /IWAN FALS-Masih Bisa Cinta.MP3
Apr 07 03:14 : update: added /IWAN FALS-Kuda Lumping.mp3
Apr 07 03:14 : update: added /IWAN FALS-P H K.mp3
Apr 07 03:14 : update: added /IWAN FALS-Nona.mp3
Apr 07 03:14 : update: added /IWAN FALS-Belum Ada Judul.mp3
Apr 07 03:14 : update: added /IWAN FALS-Badut.mp3
Apr 07 03:14 : update: added /IWAN FALS-Nelayan.mp3
Apr 07 03:14 : update: added /IWAN FALS-Coretan Dinding.mp3
Apr 07 03:14 : update: added /IWAN FALS-Kisah Sepeda Motorku.mp3
Apr 07 03:14 : update: added /IWAN FALS-Kumenanti Seorang Kekasih.mp3
Apr 07 03:14 : update: added /IWAN FALS-Buku Ini Aku Pinjam.mp3
Apr 07 03:14 : update: added /IWAN FALS-Jendela Kelas Satu.mp3
Apr 07 03:14 : update: added /IWAN FALS-Lagu Buat Penyaksi.mp3
Apr 07 03:14 : update: added /IWAN FALS-Balada Orang-Orang Pedalaman.mp3
Apr 07 03:14 : update: added /IWAN FALS-Hadapi Saja (Edit Version).mp3
Apr 07 03:14 : update: added /IWAN FALS-Mabuk Cinta.MP3
Apr 07 03:14 : update: added /IWAN FALS-Isi Rimba.mp3
Apr 07 03:14 : update: added /IWAN FALS-Maaf Cintaku.mp3
Apr 07 03:14 : update: added /IWAN FALS-Dimata Air Tidak Ada Air Mata.mp3
Apr 07 03:14 : update: added /IWAN FALS-Bung Hatta.mp3
Apr 07 03:14 : update: added /IWAN FALS-Orang Pinggiran.mp3
Apr 07 03:14 : update: added /IWAN FALS-Lagu Cinta.mp3
Apr 07 03:14 : update: added /IWAN FALS-Ibu.mp3
Apr 07 03:14 : update: added /IWAN FALS-Kupaksa Untuk Melangkah.MP3
Apr 07 03:14 : update: added /IWAN FALS-Engkau Tetap Sahabatku.mp3
Apr 07 03:14 : update: added /IWAN FALS-Ijinkan Aku Menyayangimu.mp3
Apr 07 03:14 : update: added /IWAN FALS-Condet.mp3
Apr 07 03:14 : update: added /IWAN FALS-Nyanyianmu.mp3
Apr 07 03:14 : update: added /IWAN FALS-Kemesraan.mp3
Apr 07 03:14 : update: added /Wish You Were Here - Avril Lavigne - Lyrics - Terjemahan Indonesia.mp4
Apr 07 03:14 : update: added /IWAN FALS-Mereka Ada Dijalan.mp3
Apr 07 03:14 : update: added /IWAN FALS-Esek-Esek Uduk-Uduk.mp3
Apr 07 03:14 : update: added /TeamLo_-_Bento_(Iwan_Fals).mp3
Apr 07 03:14 : update: added /IWAN FALS-Ini Bukan Mimpi.MP3
Apr 07 03:14 : update: added /Because of You - Kelly Clarkson - Lyrics (Terjemahan Indonesia).mp4
Apr 07 03:14 : update: added /IWAN FALS-Ancur.mp3
Apr 07 03:14 : update: added /IWAN FALS-Berkacalah Jakarta.mp3
Apr 07 03:14 : update: added /IWAN FALS-Apakah Aku Benar Benar Memiliki Kamu.MP3
Apr 07 03:14 : update: added /iwan fals- Yang Terlupakan.mp3
Apr 07 03:14 : update: added /IWAN FALS-Entah.mp3
Apr 07 03:14 : update: added /You're Still The One - Shania Twain - Lyrics Animation (Terjemahan Indonesia).mp4
Apr 07 03:14 : update: added /IWAN FALS-Aku Bukan Pilihan.mp3
Apr 07 03:14 : update: added /IWAN FALS-Antara Aku Dan Bekas Pacarmu.mp3
Apr 07 03:14 : update: added /IWAN FALS-Negara.MP3
Apr 07 03:14 : update: added /IWAN FAL-SIkan - Ikan.MP3
Apr 07 03:14 : update: added /IWAN FALS-Mata Indah Bola Pingpong.mp3
Apr 07 03:14 : update: added /IWAN FALS-Galang Rambu Anarki.mp3
Apr 07 03:14 : update: added /IWAN FALS-Bongkar.mp3
Apr 07 03:14 : update: added /IWAN FALS-Belalang Tua.mp3
Apr 07 03:14 : update: added /IWAN FALS-Matadewa.mp3
Apr 07 03:14 : update: added /IWAN FALS-Aku Antarkan.mp3
Apr 07 03:14 : update: added /IWAN FALS-Mimpi Yang Terbeli.mp3
Apr 07 03:14 : update: added /IWAN FALS-Ada Lagi Yang Mati.mp3
Apr 07 03:14 : update: added /Iwan Fals - Mr.Gele Frustasi.mp3
Apr 07 03:14 : update: added /IWAN FALS-Kupu-Kupu Hitam Putih.mp3
Apr 07 03:14 : update: added /IWAN FALS-Kasacima.MP3
Apr 07 03:14 : update: added /IWAN FALS-Ethiopia.mp3
Apr 07 03:14 : update: added /IWAN FALS-Jangan Bicara.mp3
Apr 07 03:14 : update: added /IWAN FALS-Dongeng Sebelum Tidur.mp3
Apr 07 03:14 : update: added /IWAN FALS-Orang Gila.mp3
Apr 07 03:14 : update: added /IWAN FALS-Air Mata Api.mp3
Apr 07 03:14 : update: added /iwan fals- Kemesraan.mp3
Apr 07 03:15 : client: [0] opened from 127.0.0.1:46864
Apr 07 03:15 : exception: OutputThread could not get realtime scheduling, continuing anyway: sched_setscheduler failed: Operation not permitted
ALSA lib /var/tmp/portage/media-libs/alsa-lib-1.1.2/work/alsa-lib-1.1.2/src/pcm/pcm.c:2450:(snd_pcm_open_noupdate) Unknown PCM bluealsa
Apr 07 03:15 : exception: Failed to open "Alsa for audio sound card" [alsa]
Apr 07 03:15 : exception: nested: Failed to open ALSA device "bluealsa": No such file or directory
ALSA lib /var/tmp/portage/media-libs/alsa-lib-1.1.2/work/alsa-lib-1.1.2/src/pcm/pcm.c:2450:(snd_pcm_open_noupdate) Unknown PCM bluealsa
Apr 07 03:16 : exception: Failed to open "Alsa for audio sound card" [alsa]
Apr 07 03:16 : exception: nested: Failed to open ALSA device "bluealsa": No such file or directory
Apr 07 03:16 : exception: Failed to open audio output
Apr 07 03:16 : exception: All audio outputs are disabled
Apr 07 03:16 : exception: All audio outputs are disabled
Apr 07 03:17 : client: [0] closed
Apr 07 03:18 : client: [1] opened from 127.0.0.1:46868
Apr 07 03:18 : exception: All audio outputs are disabled
Apr 07 03:18 : exception: All audio outputs are disabled
Apr 07 03:18 : exception: All audio outputs are disabled
Apr 07 03:18 : exception: All audio outputs are disabled
Apr 07 03:18 : exception: All audio outputs are disabled
Apr 07 03:18 : exception: All audio outputs are disabled
Apr 07 03:18 : exception: All audio outputs are disabled
Apr 07 03:19 : exception: All audio outputs are disabled
Apr 07 03:19 : client: [1] closed
Apr 07 03:19 : player: played "iwan fals- Kemesraan.mp3"
Apr 07 03:22 : exception: OutputThread could not get realtime scheduling, continuing anyway: sched_setscheduler failed: Operation not permitted
Apr 07 03:22 : client: [0] opened from 127.0.0.1:37336
Apr 07 03:22 : exception: Failed to read mixer for 'My ALSA Device': no such mixer control: PCM
Apr 07 03:22 : exception: Failed to open mixer for 'My ALSA Device': no such mixer control: PCM
Apr 07 03:23 : exception: Failed to open mixer for 'My ALSA Device': no such mixer control: PCM
Apr 07 03:24 : exception: OutputThread could not get realtime scheduling, continuing anyway: sched_setscheduler failed: Operation not permitted
Apr 07 03:24 : exception: Failed to open mixer for 'My ALSA Device': no such mixer control: PCM
Apr 07 03:25 : client: [1] opened from 127.0.0.1:37340
Apr 07 03:26 : client: [1] closed
Apr 07 03:26 : client: [0] closed
Apr 07 03:26 : player: played "Avril Lavigne - Innocence - Lyrics (Terjemahan Indonesia).mp4"
Apr 07 10:10 : exception: OutputThread could not get realtime scheduling, continuing anyway: sched_setscheduler failed: Operation not permitted
Apr 07 10:10 : exception: Failed to open mixer for 'My ALSA Device': no such mixer control: PCM
Apr 07 10:10 : exception: OutputThread could not get realtime scheduling, continuing anyway: sched_setscheduler failed: Operation not permitted
Apr 07 10:10 : client: [0] opened from 127.0.0.1:50162
Apr 07 10:18 : player: played "Wish You Were Here - Avril Lavigne - Lyrics - Terjemahan Indonesia.mp4"
Apr 07 10:19 : exception: Failed to open mixer for 'My ALSA Device': no such mixer control: PCM
Apr 07 10:23 : player: played "Avril Lavigne - Innocence - Lyrics (Terjemahan Indonesia).mp4"
Apr 07 10:23 : exception: Failed to open mixer for 'My ALSA Device': no such mixer control: PCM
Apr 07 10:28 : player: played "iwan fals- Kemesraan.mp3"
Apr 07 10:33 : player: played "iwan fals- Yang Terlupakan.mp3"
Apr 07 10:33 : exception: Failed to open mixer for 'My ALSA Device': no such mixer control: PCM
Apr 07 10:37 : player: played "Because of You - Kelly Clarkson - Lyrics (Terjemahan Indonesia).mp4"
Apr 07 10:41 : client: [0] closed
Apr 07 10:41 : player: played "From This Moment On - Shania Twain - Lyrics (Terjemahan Indonesia).mp4"
